<?xml version="1.0" encoding="UTF-8"?>
<!-- Generated by org.testng.reporters.JUnitReportReporter -->
<testsuite hostname="DESKTOP-V9JD3MI" failures="0" tests="3" name="tests.Tests" time="92.853" errors="0" timestamp="2022-03-07T15:57:02 ART" skipped="0">
  <testcase classname="tests.Tests" name="enviarFormularioCompletoCorrecto" time="26.178"/>
  <system-out/>
  <testcase classname="tests.Tests" name="enviarFormularioFaltandoUnCampo" time="45.753"/>
  <system-out/>
  <testcase classname="tests.Tests" name="enviarFormularioVacio" time="20.922"/>
  <system-out/>
</testsuite> <!-- tests.Tests -->
