<?xml version="1.0" encoding="UTF-8"?>
<!-- Generated by org.testng.reporters.JUnitReportReporter -->
<testsuite hostname="DESKTOP-V9JD3MI" failures="0" tests="1" name="tests.Tests" time="36.738" errors="0" timestamp="2022-03-06T13:56:08 ART" skipped="0">
  <testcase classname="tests.Tests" name="validacionesCampoRequerido" time="36.738"/>
  <system-out/>
</testsuite> <!-- tests.Tests -->
