<?xml version="1.0" encoding="UTF-8"?>
<!-- Generated by org.testng.reporters.JUnitReportReporter -->
<testsuite hostname="DESKTOP-V9JD3MI" failures="0" tests="3" name="tests.Tests" time="89.918" errors="0" timestamp="2022-03-07T16:09:26 ART" skipped="0">
  <testcase classname="tests.Tests" name="enviarFormularioCompletoCorrecto" time="23.538"/>
  <system-out/>
  <testcase classname="tests.Tests" name="enviarFormularioVacio" time="19.915"/>
  <system-out/>
  <testcase classname="tests.Tests" name="enviarFormularioFaltandoUnCampo" time="46.465"/>
  <system-out/>
</testsuite> <!-- tests.Tests -->
