<?xml version="1.0" encoding="UTF-8"?>
<!-- Generated by org.testng.reporters.JUnitReportReporter -->
<testsuite hostname="DESKTOP-V9JD3MI" failures="0" tests="3" name="tests.Tests" time="78.519" errors="0" timestamp="2022-03-07T14:36:44 ART" skipped="0">
  <testcase classname="tests.Tests" name="enviarFormularioVacio" time="18.722"/>
  <system-out/>
  <testcase classname="tests.Tests" name="enviarFormularioCompletoCorrecto" time="18.950"/>
  <system-out/>
  <testcase classname="tests.Tests" name="enviarFormularioFaltandoUnCampo" time="40.847"/>
  <system-out/>
</testsuite> <!-- tests.Tests -->
