<?xml version="1.0" encoding="UTF-8"?>
<!-- Generated by org.testng.reporters.JUnitReportReporter -->
<testsuite hostname="DESKTOP-V9JD3MI" failures="0" tests="2" name="tests.Tests" time="62.711" errors="0" timestamp="2022-03-07T14:20:49 ART" skipped="0">
  <testcase classname="tests.Tests" name="llenarFormularioFaltandoUnCampo" time="42.235"/>
  <system-out/>
  <testcase classname="tests.Tests" name="llenarFormularioCompletoCorrecto" time="20.476"/>
  <system-out/>
</testsuite> <!-- tests.Tests -->
